2019-02-18 16:31:22.623 [main] INFO  c.d.d.DynamicAnalysisApplication - Starting DynamicAnalysisApplication on DESKTOP-LLOKUNR with PID 15172 (D:\dachen_workspace\bigdata\dynamic-analysis\target\classes started by dell in D:\dachen_workspace\bigdata\dynamic-analysis)
2019-02-18 16:31:22.637 [main] INFO  c.d.d.DynamicAnalysisApplication - No active profile set, falling back to default profiles: default
2019-02-18 16:31:22.761 [main] INFO  o.s.b.c.e.AnnotationConfigEmbeddedWebApplicationContext - Refreshing org.springframework.boot.context.embedded.AnnotationConfigEmbeddedWebApplicationContext@3d5c822d: startup date [Mon Feb 18 16:31:22 CST 2019]; root of context hierarchy
2019-02-18 16:31:24.610 [main] INFO  o.s.b.c.e.t.TomcatEmbeddedServletContainer - Tomcat initialized with port(s): 8200 (http)
2019-02-18 16:31:24.634 [main] INFO  o.a.catalina.core.StandardService - Starting service Tomcat
2019-02-18 16:31:24.635 [main] INFO  o.a.catalina.core.StandardEngine - Starting Servlet Engine: Apache Tomcat/8.5.11
2019-02-18 16:31:24.834 [localhost-startStop-1] INFO  o.a.c.c.C.[Tomcat].[localhost].[/] - Initializing Spring embedded WebApplicationContext
2019-02-18 16:31:24.834 [localhost-startStop-1] INFO  o.s.web.context.ContextLoader - Root WebApplicationContext: initialization completed in 2087 ms
2019-02-18 16:31:24.991 [localhost-startStop-1] INFO  o.s.b.w.s.ServletRegistrationBean - Mapping servlet: 'dispatcherServlet' to [/]
2019-02-18 16:31:24.995 [localhost-startStop-1] INFO  o.s.b.w.s.FilterRegistrationBean - Mapping filter: 'characterEncodingFilter' to: [/*]
2019-02-18 16:31:24.996 [localhost-startStop-1] INFO  o.s.b.w.s.FilterRegistrationBean - Mapping filter: 'hiddenHttpMethodFilter' to: [/*]
2019-02-18 16:31:24.996 [localhost-startStop-1] INFO  o.s.b.w.s.FilterRegistrationBean - Mapping filter: 'httpPutFormContentFilter' to: [/*]
2019-02-18 16:31:24.996 [localhost-startStop-1] INFO  o.s.b.w.s.FilterRegistrationBean - Mapping filter: 'requestContextFilter' to: [/*]
2019-02-18 16:31:25.139 [main] WARN  o.s.b.c.e.AnnotationConfigEmbeddedWebApplicationContext - Exception encountered during context initialization - cancelling refresh attempt: org.springframework.beans.factory.UnsatisfiedDependencyException: Error creating bean with name 'dynamicAnalysisController': Unsatisfied dependency expressed through field 'dataService'; nested exception is org.springframework.beans.factory.UnsatisfiedDependencyException: Error creating bean with name 'impalaDataService': Unsatisfied dependency expressed through field 'dynamicProvider'; nested exception is org.springframework.beans.factory.UnsatisfiedDependencyException: Error creating bean with name 'dynamicAnalysisProvider': Unsatisfied dependency expressed through field 'analysisCommonUtils'; nested exception is org.springframework.beans.factory.UnsatisfiedDependencyException: Error creating bean with name 'analysisCommonUtils': Unsatisfied dependency expressed through field 'impalaUtil'; nested exception is org.springframework.beans.factory.NoSuchBeanDefinitionException: No qualifying bean of type 'com.dachen.util.ImpalaUtil' available: expected at least 1 bean which qualifies as autowire candidate. Dependency annotations: {@org.springframework.beans.factory.annotation.Autowired(required=true)}
2019-02-18 16:31:25.154 [main] INFO  o.a.catalina.core.StandardService - Stopping service Tomcat
2019-02-18 16:31:25.384 [main] INFO  o.s.b.a.l.AutoConfigurationReportLoggingInitializer - 

Error starting ApplicationContext. To display the auto-configuration report re-run your application with 'debug' enabled.
2019-02-18 16:31:25.477 [main] ERROR o.s.b.d.LoggingFailureAnalysisReporter - 

***************************
APPLICATION FAILED TO START
***************************

Description:

Field impalaUtil in com.dachen.dynamicanalysis.dataprovider.AnalysisCommonUtils required a bean of type 'com.dachen.util.ImpalaUtil' that could not be found.


Action:

Consider defining a bean of type 'com.dachen.util.ImpalaUtil' in your configuration.

2019-02-18 16:33:15.500 [main] INFO  c.d.d.DynamicAnalysisApplication - Starting DynamicAnalysisApplication on DESKTOP-LLOKUNR with PID 12348 (D:\dachen_workspace\bigdata\dynamic-analysis\target\classes started by dell in D:\dachen_workspace\bigdata\dynamic-analysis)
2019-02-18 16:33:15.508 [main] INFO  c.d.d.DynamicAnalysisApplication - No active profile set, falling back to default profiles: default
2019-02-18 16:33:15.565 [main] INFO  o.s.b.c.e.AnnotationConfigEmbeddedWebApplicationContext - Refreshing org.springframework.boot.context.embedded.AnnotationConfigEmbeddedWebApplicationContext@3d5c822d: startup date [Mon Feb 18 16:33:15 CST 2019]; root of context hierarchy
2019-02-18 16:33:17.175 [main] INFO  o.s.b.c.e.t.TomcatEmbeddedServletContainer - Tomcat initialized with port(s): 8200 (http)
2019-02-18 16:33:17.187 [main] INFO  o.a.catalina.core.StandardService - Starting service Tomcat
2019-02-18 16:33:17.190 [main] INFO  o.a.catalina.core.StandardEngine - Starting Servlet Engine: Apache Tomcat/8.5.11
2019-02-18 16:33:17.333 [localhost-startStop-1] INFO  o.a.c.c.C.[Tomcat].[localhost].[/] - Initializing Spring embedded WebApplicationContext
2019-02-18 16:33:17.334 [localhost-startStop-1] INFO  o.s.web.context.ContextLoader - Root WebApplicationContext: initialization completed in 1773 ms
2019-02-18 16:33:17.483 [localhost-startStop-1] INFO  o.s.b.w.s.ServletRegistrationBean - Mapping servlet: 'dispatcherServlet' to [/]
2019-02-18 16:33:17.487 [localhost-startStop-1] INFO  o.s.b.w.s.FilterRegistrationBean - Mapping filter: 'characterEncodingFilter' to: [/*]
2019-02-18 16:33:17.488 [localhost-startStop-1] INFO  o.s.b.w.s.FilterRegistrationBean - Mapping filter: 'hiddenHttpMethodFilter' to: [/*]
2019-02-18 16:33:17.488 [localhost-startStop-1] INFO  o.s.b.w.s.FilterRegistrationBean - Mapping filter: 'httpPutFormContentFilter' to: [/*]
2019-02-18 16:33:17.489 [localhost-startStop-1] INFO  o.s.b.w.s.FilterRegistrationBean - Mapping filter: 'requestContextFilter' to: [/*]
2019-02-18 16:33:18.233 [main] INFO  o.s.w.s.m.m.a.RequestMappingHandlerMapping - Mapped "{[/dynamic/query]}" onto public com.dachen.util.JSONMessage com.dachen.dynamicanalysis.conctroller.DynamicAnalysisController.query(java.lang.String,java.lang.String,java.lang.String,java.lang.String,java.lang.String,java.lang.String,java.lang.String,java.lang.String) throws java.lang.Exception
2019-02-18 16:33:18.234 [main] INFO  o.s.w.s.m.m.a.RequestMappingHandlerMapping - Mapped "{[/dynamic/download]}" onto public void com.dachen.dynamicanalysis.conctroller.DynamicAnalysisController.DownloadExcel(java.lang.String,java.lang.String,java.lang.String,java.lang.String,javax.servlet.http.HttpServletResponse)
2019-02-18 16:33:18.238 [main] INFO  o.s.w.s.m.m.a.RequestMappingHandlerMapping - Mapped "{[/swagger-resources/configuration/ui]}" onto public org.springframework.http.ResponseEntity<springfox.documentation.swagger.web.UiConfiguration> springfox.documentation.swagger.web.ApiResourceController.uiConfiguration()
2019-02-18 16:33:18.240 [main] INFO  o.s.w.s.m.m.a.RequestMappingHandlerMapping - Mapped "{[/swagger-resources]}" onto public org.springframework.http.ResponseEntity<java.util.List<springfox.documentation.swagger.web.SwaggerResource>> springfox.documentation.swagger.web.ApiResourceController.swaggerResources()
2019-02-18 16:33:18.241 [main] INFO  o.s.w.s.m.m.a.RequestMappingHandlerMapping - Mapped "{[/swagger-resources/configuration/security]}" onto public org.springframework.http.ResponseEntity<springfox.documentation.swagger.web.SecurityConfiguration> springfox.documentation.swagger.web.ApiResourceController.securityConfiguration()
2019-02-18 16:33:18.258 [main] INFO  o.s.w.s.m.m.a.RequestMappingHandlerMapping - Mapped "{[/error]}" onto public org.springframework.http.ResponseEntity<java.util.Map<java.lang.String, java.lang.Object>> org.springframework.boot.autoconfigure.web.BasicErrorController.error(javax.servlet.http.HttpServletRequest)
2019-02-18 16:33:18.258 [main] INFO  o.s.w.s.m.m.a.RequestMappingHandlerMapping - Mapped "{[/error],produces=[text/html]}" onto public org.springframework.web.servlet.ModelAndView org.springframework.boot.autoconfigure.web.BasicErrorController.errorHtml(javax.servlet.http.HttpServletRequest,javax.servlet.http.HttpServletResponse)
2019-02-18 16:33:18.421 [main] INFO  s.d.s.w.PropertySourcedRequestMappingHandlerMapping - Mapped URL path [/v2/api-docs] onto method [public org.springframework.http.ResponseEntity<springfox.documentation.spring.web.json.Json> springfox.documentation.swagger2.web.Swagger2Controller.getDocumentation(java.lang.String,javax.servlet.http.HttpServletRequest)]
2019-02-18 16:33:18.517 [main] INFO  o.s.w.s.m.m.a.RequestMappingHandlerAdapter - Looking for @ControllerAdvice: org.springframework.boot.context.embedded.AnnotationConfigEmbeddedWebApplicationContext@3d5c822d: startup date [Mon Feb 18 16:33:15 CST 2019]; root of context hierarchy
2019-02-18 16:33:18.607 [main] INFO  o.s.w.s.h.SimpleUrlHandlerMapping - Mapped URL path [/webjars/**] onto handler of type [class org.springframework.web.servlet.resource.ResourceHttpRequestHandler]
2019-02-18 16:33:18.607 [main] INFO  o.s.w.s.h.SimpleUrlHandlerMapping - Mapped URL path [/**] onto handler of type [class org.springframework.web.servlet.resource.ResourceHttpRequestHandler]
2019-02-18 16:33:18.625 [main] INFO  o.s.w.s.m.m.a.ExceptionHandlerExceptionResolver - Detected @ExceptionHandler methods in exceptionHandlerAdvice
2019-02-18 16:33:18.653 [main] INFO  o.s.w.s.h.SimpleUrlHandlerMapping - Mapped URL path [/**/favicon.ico] onto handler of type [class org.springframework.web.servlet.resource.ResourceHttpRequestHandler]
2019-02-18 16:33:18.963 [main] INFO  o.s.j.e.a.AnnotationMBeanExporter - Registering beans for JMX exposure on startup
2019-02-18 16:33:18.978 [main] INFO  o.s.c.s.DefaultLifecycleProcessor - Starting beans in phase 2147483647
2019-02-18 16:33:18.978 [main] INFO  s.d.s.w.p.DocumentationPluginsBootstrapper - Context refreshed
2019-02-18 16:33:19.004 [main] INFO  s.d.s.w.p.DocumentationPluginsBootstrapper - Found 1 custom documentation plugin(s)
2019-02-18 16:33:19.075 [main] INFO  s.d.s.w.s.ApiListingReferenceScanner - Scanning for api listing references
2019-02-18 16:33:19.762 [main] INFO  o.s.b.c.e.t.TomcatEmbeddedServletContainer - Tomcat started on port(s): 8200 (http)
2019-02-18 16:33:19.774 [main] INFO  c.d.d.DynamicAnalysisApplication - Started DynamicAnalysisApplication in 4.555 seconds (JVM running for 5.048)
